<?xml version="1.0" encoding="UTF-8"?>
<!-- Generated by org.testng.reporters.JUnitXMLReporter -->
<testsuite hostname="HOME-LAPTOP" ignored="1" name="Default test(failed)" tests="3" failures="3" timestamp="18 Aug 2018 08:21:22 GMT" time="0.977" errors="0">
  <testcase name="LongPassword" time="0.886" classname="com.ezypay.testscripts.LoginScenarios">
    <failure type="java.lang.NullPointerException">
      <![CDATA[java.lang.NullPointerException
at java.util.regex.Matcher.appendReplacement(Unknown Source)
at java.util.regex.Matcher.replaceAll(Unknown Source)
at java.lang.String.replaceAll(Unknown Source)
at com.ezypay.testscripts.LoginScenarios.LongPassword(LoginScenarios.java:234)
... Removed 25 stack frames]]>
    </failure>
  </testcase> <!-- LongPassword -->
  <testcase name="SpecialCharacterInUserName" time="0.018" classname="com.ezypay.testscripts.LoginScenarios">
    <failure type="java.lang.IllegalArgumentException" message="Illegal group reference: group index is missing">
      <![CDATA[java.lang.IllegalArgumentException: Illegal group reference: group index is missing
at java.util.regex.Matcher.appendReplacement(Unknown Source)
at java.util.regex.Matcher.replaceAll(Unknown Source)
at java.lang.String.replaceAll(Unknown Source)
at com.ezypay.testscripts.LoginScenarios.SpecialCharacterInUserName(LoginScenarios.java:116)
... Removed 25 stack frames]]>
    </failure>
  </testcase> <!-- SpecialCharacterInUserName -->
  <testcase name="SpecialCharacterInUserCredentials" time="0.019" classname="com.ezypay.testscripts.LoginScenarios">
    <failure type="java.lang.IllegalArgumentException" message="Illegal group reference: group index is missing">
      <![CDATA[java.lang.IllegalArgumentException: Illegal group reference: group index is missing
at java.util.regex.Matcher.appendReplacement(Unknown Source)
at java.util.regex.Matcher.replaceAll(Unknown Source)
at java.lang.String.replaceAll(Unknown Source)
at com.ezypay.testscripts.LoginScenarios.SpecialCharacterInUserCredentials(LoginScenarios.java:173)
... Removed 25 stack frames]]>
    </failure>
  </testcase> <!-- SpecialCharacterInUserCredentials -->
  <testcase name="SpecialCharacterInPassword" time="0.0" classname="com.ezypay.testscripts.LoginScenarios">
    <ignored/>
  </testcase> <!-- SpecialCharacterInPassword -->
</testsuite> <!-- Default test(failed) -->
