<?xml version="1.0" encoding="UTF-8"?>
<!-- Generated by org.testng.reporters.JUnitXMLReporter -->
<testsuite hostname="HOME-LAPTOP" ignored="0" name="Default test" tests="8" failures="0" timestamp="19 Aug 2018 09:56:36 GMT" time="9.311" errors="0">
  <testcase name="InValidPassword" time="3.333" classname="com.ezypay.testscripts.LoginScenarios"/>
  <testcase name="InValidUserName" time="0.96" classname="com.ezypay.testscripts.LoginScenarios"/>
  <testcase name="LoginWithValidCredentials" time="0.657" classname="com.ezypay.testscripts.LoginScenarios"/>
  <testcase name="LongPassword" time="0.628" classname="com.ezypay.testscripts.LoginScenarios"/>
  <testcase name="LongUserName" time="0.664" classname="com.ezypay.testscripts.LoginScenarios"/>
  <testcase name="SpecialCharacterInPassword" time="1.446" classname="com.ezypay.testscripts.LoginScenarios"/>
  <testcase name="SpecialCharacterInUserCredentials" time="0.63" classname="com.ezypay.testscripts.LoginScenarios"/>
  <testcase name="SpecialCharacterInUserName" time="0.913" classname="com.ezypay.testscripts.LoginScenarios"/>
</testsuite> <!-- Default test -->
